Start testing: Oct 14 21:15 Mitteleuropäische Sommerzeit
----------------------------------------------------------
1/1 Testing: ChessEngineTests
1/1 Test: ChessEngineTests
Command: "C:/Users/Tobi-Wan Kenobi/Desktop/Chess/build/ChessEngineTests.exe"
Directory: C:/Users/Tobi-Wan Kenobi/Desktop/Chess/build
"ChessEngineTests" start time: Oct 14 21:15 Mitteleuropäische Sommerzeit
Output:
----------------------------------------------------------
[==========] Running 14 tests from 2 test suites.
[----------] Global test environment set-up.
[----------] 4 tests from ChessBoardTest
[ RUN      ] ChessBoardTest.InitialPawnPositions
[       OK ] ChessBoardTest.InitialPawnPositions (0 ms)
[ RUN      ] ChessBoardTest.InitialWhiteMovements
[       OK ] ChessBoardTest.InitialWhiteMovements (0 ms)
[ RUN      ] ChessBoardTest.WhiteOutOfBoundPawnMovements
This move is unfortunately not legal :(
This move is unfortunately not legal :(
[       OK ] ChessBoardTest.WhiteOutOfBoundPawnMovements (0 ms)
[ RUN      ] ChessBoardTest.BlackPawnMovements
This move is unfortunately not legal :(
This move is unfortunately not legal :(
This move is unfortunately not legal :(
This move is unfortunately not legal :(
[       OK ] ChessBoardTest.BlackPawnMovements (0 ms)
[----------] 4 tests from ChessBoardTest (0 ms total)

[----------] 10 tests from ChessboardTest
[ RUN      ] ChessboardTest.WhitePawnBackwardMovement
This move is unfortunately not legal :(
This move is unfortunately not legal :(
[       OK ] ChessboardTest.WhitePawnBackwardMovement (0 ms)
[ RUN      ] ChessboardTest.WhiteTryTwoSquareMoveNotOnOriginalRow
This move is unfortunately not legal :(
[       OK ] ChessboardTest.WhiteTryTwoSquareMoveNotOnOriginalRow (0 ms)
[ RUN      ] ChessboardTest.WhiteTryMovingPawnsIntoOverPieces
This move is unfortunately not legal :(
This move is unfortunately not legal :(
This move is unfortunately not legal :(
This move is unfortunately not legal :(
This move is unfortunately not legal :(
This move is unfortunately not legal :(
[       OK ] ChessboardTest.WhiteTryMovingPawnsIntoOverPieces (0 ms)
[ RUN      ] ChessboardTest.TryWhitePawnCaptures
[       OK ] ChessboardTest.TryWhitePawnCaptures (0 ms)
[ RUN      ] ChessboardTest.TryAllCapturesWhitePawns
[       OK ] ChessboardTest.TryAllCapturesWhitePawns (0 ms)
[ RUN      ] ChessboardTest.TryCaptureOwnPieces
This move is unfortunately not legal :(
This move is unfortunately not legal :(
This move is unfortunately not legal :(
This move is unfortunately not legal :(
This move is unfortunately not legal :(
This move is unfortunately not legal :(
[       OK ] ChessboardTest.TryCaptureOwnPieces (0 ms)
[ RUN      ] ChessboardTest.TryAllCapturesBlackPawns
[       OK ] ChessboardTest.TryAllCapturesBlackPawns (0 ms)
[ RUN      ] ChessboardTest.TryWhiteEnPassant
[       OK ] ChessboardTest.TryWhiteEnPassant (0 ms)
[ RUN      ] ChessboardTest.TryWBlackEnPassant
EnPassant possible and White Pawn is there
[       OK ] ChessboardTest.TryWBlackEnPassant (0 ms)
[ RUN      ] ChessboardTest.EnPassantNotDoubleMoveBefore
This move is unfortunately not legal :(
This move is unfortunately not legal :(
[       OK ] ChessboardTest.EnPassantNotDoubleMoveBefore (0 ms)
[----------] 10 tests from ChessboardTest (0 ms total)

[----------] Global test environment tear-down
[==========] 14 tests from 2 test suites ran. (0 ms total)
[  PASSED  ] 14 tests.
<end of output>
Test time =   1.07 sec
----------------------------------------------------------
Test Passed.
"ChessEngineTests" end time: Oct 14 21:15 Mitteleuropäische Sommerzeit
"ChessEngineTests" time elapsed: 00:00:01
----------------------------------------------------------

End testing: Oct 14 21:15 Mitteleuropäische Sommerzeit
